2025-08-22 17:06:59.324+0000 INFO  Logging config in use: Embedded default config 'default-user-logs.xml'
2025-08-22 17:06:59.333+0000 INFO  Starting...
2025-08-22 17:07:00.122+0000 INFO  This instance is ServerId{d98d68ce} (d98d68ce-f85b-479c-8517-16f8ef05aba3)
2025-08-22 17:07:01.199+0000 INFO  ======== Neo4j 2025.07.1 ========
2025-08-22 17:07:04.601+0000 INFO  Anonymous Usage Data is being sent to Neo4j, see https://neo4j.com/docs/usage-data/
2025-08-22 17:07:08.608+0000 INFO  Bolt enabled on 0.0.0.0:7687.
2025-08-22 17:07:09.427+0000 INFO  HTTP enabled on 0.0.0.0:7474.
2025-08-22 17:07:09.461+0000 INFO  Remote interface available at http://localhost:7474/
2025-08-22 17:07:09.468+0000 INFO  id: 57C90656677330E5CAE61CD896350A51169FA8B6DFD039D91EB88F43735CBBF7
2025-08-22 17:07:09.470+0000 INFO  name: system
2025-08-22 17:07:09.471+0000 INFO  creationDate: 2025-08-22T17:07:02.519Z
2025-08-22 17:07:09.474+0000 INFO  Started.
2025-08-22 18:06:56.249+0000 INFO  Neo4j Server shutdown initiated by request
2025-08-22 18:06:56.250+0000 INFO  Stopping...
2025-08-22 18:07:24.986+0000 INFO  Logging config in use: Embedded default config 'default-user-logs.xml'
2025-08-22 18:07:24.994+0000 INFO  Starting...
2025-08-22 18:07:25.933+0000 INFO  This instance is ServerId{d98d68ce} (d98d68ce-f85b-479c-8517-16f8ef05aba3)
2025-08-22 18:07:27.531+0000 INFO  ======== Neo4j 2025.07.1 ========
2025-08-22 18:07:30.484+0000 INFO  Anonymous Usage Data is being sent to Neo4j, see https://neo4j.com/docs/usage-data/
2025-08-22 18:07:31.497+0000 INFO  Bolt enabled on 0.0.0.0:7687.
2025-08-22 18:07:32.298+0000 INFO  HTTP enabled on 0.0.0.0:7474.
2025-08-22 18:07:32.299+0000 INFO  Remote interface available at http://localhost:7474/
2025-08-22 18:07:32.302+0000 INFO  id: 57C90656677330E5CAE61CD896350A51169FA8B6DFD039D91EB88F43735CBBF7
2025-08-22 18:07:32.303+0000 INFO  name: system
2025-08-22 18:07:32.303+0000 INFO  creationDate: 2025-08-22T17:07:02.519Z
2025-08-22 18:07:32.304+0000 INFO  Started.
2025-08-22 18:07:34.958+0000 INFO  Neo4j Server shutdown initiated by request
2025-08-22 18:07:34.960+0000 INFO  Stopping...
2025-08-22 18:07:55.505+0000 INFO  Logging config in use: Embedded default config 'default-user-logs.xml'
2025-08-22 18:07:55.513+0000 INFO  Starting...
2025-08-22 18:07:56.403+0000 INFO  This instance is ServerId{d98d68ce} (d98d68ce-f85b-479c-8517-16f8ef05aba3)
2025-08-22 18:07:57.678+0000 INFO  ======== Neo4j 2025.07.1 ========
2025-08-22 18:07:58.359+0000 INFO  Neo4j Server shutdown initiated by request
2025-08-22 18:07:58.360+0000 INFO  Stopped.
2025-08-22 23:54:19.359+0000 INFO  Logging config in use: Embedded default config 'default-user-logs.xml'
2025-08-22 23:54:19.368+0000 INFO  Starting...
2025-08-22 23:54:20.522+0000 INFO  This instance is ServerId{d98d68ce} (d98d68ce-f85b-479c-8517-16f8ef05aba3)
2025-08-22 23:54:22.747+0000 INFO  ======== Neo4j 2025.07.1 ========
2025-08-22 23:54:26.318+0000 INFO  Anonymous Usage Data is being sent to Neo4j, see https://neo4j.com/docs/usage-data/
2025-08-22 23:54:27.221+0000 INFO  Bolt enabled on 0.0.0.0:7687.
2025-08-22 23:54:28.333+0000 INFO  HTTP enabled on 0.0.0.0:7474.
2025-08-22 23:54:28.336+0000 INFO  Remote interface available at http://localhost:7474/
2025-08-22 23:54:28.340+0000 INFO  id: 57C90656677330E5CAE61CD896350A51169FA8B6DFD039D91EB88F43735CBBF7
2025-08-22 23:54:28.341+0000 INFO  name: system
2025-08-22 23:54:28.342+0000 INFO  creationDate: 2025-08-22T17:07:02.519Z
2025-08-22 23:54:28.343+0000 INFO  Started.
2025-08-23 00:52:35.943+0000 INFO  Neo4j Server shutdown initiated by request
2025-08-23 00:52:35.955+0000 INFO  Stopping...
2025-08-23 11:42:34.440+0000 INFO  Logging config in use: Embedded default config 'default-user-logs.xml'
2025-08-23 11:42:34.452+0000 INFO  Starting...
2025-08-23 11:42:35.404+0000 INFO  This instance is ServerId{d98d68ce} (d98d68ce-f85b-479c-8517-16f8ef05aba3)
2025-08-23 11:42:37.065+0000 INFO  ======== Neo4j 2025.07.1 ========
2025-08-23 11:42:39.691+0000 INFO  Anonymous Usage Data is being sent to Neo4j, see https://neo4j.com/docs/usage-data/
2025-08-23 11:42:40.653+0000 INFO  Bolt enabled on 0.0.0.0:7687.
2025-08-23 11:42:41.613+0000 INFO  HTTP enabled on 0.0.0.0:7474.
2025-08-23 11:42:41.614+0000 INFO  Remote interface available at http://localhost:7474/
2025-08-23 11:42:41.618+0000 INFO  id: 57C90656677330E5CAE61CD896350A51169FA8B6DFD039D91EB88F43735CBBF7
2025-08-23 11:42:41.619+0000 INFO  name: system
2025-08-23 11:42:41.620+0000 INFO  creationDate: 2025-08-22T17:07:02.519Z
2025-08-23 11:42:41.620+0000 INFO  Started.
2025-08-23 13:55:08.781+0000 INFO  Neo4j Server shutdown initiated by request
2025-08-23 13:55:08.797+0000 INFO  Stopping...
2025-08-23 22:51:27.749+0000 INFO  Logging config in use: Embedded default config 'default-user-logs.xml'
2025-08-23 22:51:27.760+0000 INFO  Starting...
2025-08-23 22:51:28.756+0000 INFO  This instance is ServerId{d98d68ce} (d98d68ce-f85b-479c-8517-16f8ef05aba3)
2025-08-23 22:51:30.453+0000 INFO  ======== Neo4j 2025.07.1 ========
2025-08-23 22:51:33.271+0000 INFO  Anonymous Usage Data is being sent to Neo4j, see https://neo4j.com/docs/usage-data/
2025-08-23 22:51:34.248+0000 INFO  Bolt enabled on 0.0.0.0:7687.
2025-08-23 22:51:35.895+0000 INFO  HTTP enabled on 0.0.0.0:7474.
2025-08-23 22:51:35.899+0000 INFO  Remote interface available at http://localhost:7474/
2025-08-23 22:51:35.907+0000 INFO  id: 57C90656677330E5CAE61CD896350A51169FA8B6DFD039D91EB88F43735CBBF7
2025-08-23 22:51:35.910+0000 INFO  name: system
2025-08-23 22:51:35.915+0000 INFO  creationDate: 2025-08-22T17:07:02.519Z
2025-08-23 22:51:35.918+0000 INFO  Started.
2025-08-23 23:52:35.050+0000 INFO  Neo4j Server shutdown initiated by request
2025-08-23 23:52:35.051+0000 INFO  Stopping...
2025-08-24 12:18:30.103+0000 INFO  Logging config in use: Embedded default config 'default-user-logs.xml'
2025-08-24 12:18:30.112+0000 INFO  Starting...
2025-08-24 12:18:31.139+0000 INFO  This instance is ServerId{d98d68ce} (d98d68ce-f85b-479c-8517-16f8ef05aba3)
2025-08-24 12:18:33.094+0000 INFO  ======== Neo4j 2025.07.1 ========
2025-08-24 12:18:36.220+0000 INFO  Anonymous Usage Data is being sent to Neo4j, see https://neo4j.com/docs/usage-data/
2025-08-24 12:18:37.096+0000 INFO  Bolt enabled on 0.0.0.0:7687.
2025-08-24 12:18:37.936+0000 INFO  HTTP enabled on 0.0.0.0:7474.
2025-08-24 12:18:37.937+0000 INFO  Remote interface available at http://localhost:7474/
2025-08-24 12:18:37.940+0000 INFO  id: 57C90656677330E5CAE61CD896350A51169FA8B6DFD039D91EB88F43735CBBF7
2025-08-24 12:18:37.941+0000 INFO  name: system
2025-08-24 12:18:37.942+0000 INFO  creationDate: 2025-08-22T17:07:02.519Z
2025-08-24 12:18:37.942+0000 INFO  Started.
2025-08-24 12:58:16.598+0000 INFO  Neo4j Server shutdown initiated by request
2025-08-24 12:58:16.600+0000 INFO  Stopping...
2025-08-24 14:55:45.482+0000 INFO  Logging config in use: Embedded default config 'default-user-logs.xml'
2025-08-24 14:55:45.495+0000 INFO  Starting...
2025-08-24 14:55:47.004+0000 INFO  This instance is ServerId{d98d68ce} (d98d68ce-f85b-479c-8517-16f8ef05aba3)
2025-08-24 14:55:50.478+0000 INFO  ======== Neo4j 2025.07.1 ========
2025-08-24 14:55:53.536+0000 INFO  Anonymous Usage Data is being sent to Neo4j, see https://neo4j.com/docs/usage-data/
2025-08-24 14:55:54.586+0000 INFO  Bolt enabled on 0.0.0.0:7687.
2025-08-24 14:55:56.065+0000 INFO  HTTP enabled on 0.0.0.0:7474.
2025-08-24 14:55:56.067+0000 INFO  Remote interface available at http://localhost:7474/
2025-08-24 14:55:56.070+0000 INFO  id: 57C90656677330E5CAE61CD896350A51169FA8B6DFD039D91EB88F43735CBBF7
2025-08-24 14:55:56.071+0000 INFO  name: system
2025-08-24 14:55:56.072+0000 INFO  creationDate: 2025-08-22T17:07:02.519Z
2025-08-24 14:55:56.072+0000 INFO  Started.
2025-08-24 14:56:15.026+0000 INFO  Neo4j Server shutdown initiated by request
2025-08-24 14:56:15.027+0000 INFO  Stopping...
2025-08-25 12:09:36.717+0000 INFO  Logging config in use: Embedded default config 'default-user-logs.xml'
2025-08-25 12:09:36.729+0000 INFO  Starting...
2025-08-25 12:09:39.051+0000 INFO  This instance is ServerId{d98d68ce} (d98d68ce-f85b-479c-8517-16f8ef05aba3)
2025-08-25 12:09:40.778+0000 INFO  ======== Neo4j 2025.07.1 ========
2025-08-25 12:09:43.804+0000 INFO  Anonymous Usage Data is being sent to Neo4j, see https://neo4j.com/docs/usage-data/
2025-08-25 12:09:45.005+0000 INFO  Bolt enabled on 0.0.0.0:7687.
2025-08-25 12:09:45.930+0000 INFO  HTTP enabled on 0.0.0.0:7474.
2025-08-25 12:09:45.931+0000 INFO  Remote interface available at http://localhost:7474/
2025-08-25 12:09:45.934+0000 INFO  id: 57C90656677330E5CAE61CD896350A51169FA8B6DFD039D91EB88F43735CBBF7
2025-08-25 12:09:45.935+0000 INFO  name: system
2025-08-25 12:09:45.936+0000 INFO  creationDate: 2025-08-22T17:07:02.519Z
2025-08-25 12:09:45.936+0000 INFO  Started.
2025-08-25 16:56:03.776+0000 INFO  Neo4j Server shutdown initiated by request
2025-08-25 16:56:03.777+0000 INFO  Stopping...
2025-08-25 19:39:53.033+0000 INFO  Logging config in use: Embedded default config 'default-user-logs.xml'
2025-08-25 19:39:53.061+0000 INFO  Starting...
2025-08-25 19:39:54.794+0000 INFO  This instance is ServerId{d98d68ce} (d98d68ce-f85b-479c-8517-16f8ef05aba3)
2025-08-25 19:39:57.463+0000 INFO  ======== Neo4j 2025.07.1 ========
2025-08-25 19:40:01.752+0000 INFO  Anonymous Usage Data is being sent to Neo4j, see https://neo4j.com/docs/usage-data/
2025-08-25 19:40:02.917+0000 INFO  Bolt enabled on 0.0.0.0:7687.
2025-08-25 19:40:04.577+0000 INFO  HTTP enabled on 0.0.0.0:7474.
2025-08-25 19:40:04.578+0000 INFO  Remote interface available at http://localhost:7474/
2025-08-25 19:40:04.585+0000 INFO  id: 57C90656677330E5CAE61CD896350A51169FA8B6DFD039D91EB88F43735CBBF7
2025-08-25 19:40:04.586+0000 INFO  name: system
2025-08-25 19:40:04.588+0000 INFO  creationDate: 2025-08-22T17:07:02.519Z
2025-08-25 19:40:04.589+0000 INFO  Started.
2025-08-25 19:40:54.392+0000 INFO  Neo4j Server shutdown initiated by request
2025-08-25 19:40:54.394+0000 INFO  Stopping...
2025-08-25 22:49:17.816+0000 INFO  Logging config in use: Embedded default config 'default-user-logs.xml'
2025-08-25 22:49:17.846+0000 INFO  Starting...
2025-08-25 22:49:22.411+0000 INFO  This instance is ServerId{d98d68ce} (d98d68ce-f85b-479c-8517-16f8ef05aba3)
2025-08-25 22:49:30.645+0000 INFO  ======== Neo4j 2025.07.1 ========
2025-08-25 22:49:46.503+0000 INFO  Anonymous Usage Data is being sent to Neo4j, see https://neo4j.com/docs/usage-data/
2025-08-25 22:49:51.755+0000 INFO  Bolt enabled on 0.0.0.0:7687.
2025-08-25 22:49:53.217+0000 INFO  HTTP enabled on 0.0.0.0:7474.
2025-08-25 22:49:53.218+0000 INFO  Remote interface available at http://localhost:7474/
2025-08-25 22:49:53.226+0000 INFO  id: 57C90656677330E5CAE61CD896350A51169FA8B6DFD039D91EB88F43735CBBF7
2025-08-25 22:49:53.228+0000 INFO  name: system
2025-08-25 22:49:53.229+0000 INFO  creationDate: 2025-08-22T17:07:02.519Z
2025-08-25 22:49:53.230+0000 INFO  Started.
2025-08-26 01:51:12.316+0000 INFO  Neo4j Server shutdown initiated by request
2025-08-26 01:51:12.317+0000 INFO  Stopping...
2025-08-26 13:07:56.238+0000 INFO  Logging config in use: Embedded default config 'default-user-logs.xml'
2025-08-26 13:07:56.250+0000 INFO  Starting...
2025-08-26 13:07:57.338+0000 INFO  This instance is ServerId{d98d68ce} (d98d68ce-f85b-479c-8517-16f8ef05aba3)
2025-08-26 13:07:59.163+0000 INFO  ======== Neo4j 2025.07.1 ========
2025-08-26 13:08:02.152+0000 INFO  Anonymous Usage Data is being sent to Neo4j, see https://neo4j.com/docs/usage-data/
2025-08-26 13:08:03.125+0000 INFO  Bolt enabled on 0.0.0.0:7687.
2025-08-26 13:08:03.975+0000 INFO  HTTP enabled on 0.0.0.0:7474.
2025-08-26 13:08:03.976+0000 INFO  Remote interface available at http://localhost:7474/
2025-08-26 13:08:03.980+0000 INFO  id: 57C90656677330E5CAE61CD896350A51169FA8B6DFD039D91EB88F43735CBBF7
2025-08-26 13:08:03.981+0000 INFO  name: system
2025-08-26 13:08:03.981+0000 INFO  creationDate: 2025-08-22T17:07:02.519Z
2025-08-26 13:08:03.982+0000 INFO  Started.
2025-08-26 15:14:33.092+0000 INFO  Neo4j Server shutdown initiated by request
2025-08-26 15:14:33.095+0000 INFO  Stopping...
2025-08-26 19:10:34.111+0000 INFO  Logging config in use: Embedded default config 'default-user-logs.xml'
2025-08-26 19:10:34.165+0000 INFO  Starting...
2025-08-26 19:10:38.142+0000 INFO  This instance is ServerId{d98d68ce} (d98d68ce-f85b-479c-8517-16f8ef05aba3)
2025-08-26 19:10:42.706+0000 INFO  ======== Neo4j 2025.07.1 ========
2025-08-26 19:10:45.410+0000 INFO  Anonymous Usage Data is being sent to Neo4j, see https://neo4j.com/docs/usage-data/
2025-08-26 19:10:46.345+0000 INFO  Bolt enabled on 0.0.0.0:7687.
2025-08-26 19:10:47.179+0000 INFO  HTTP enabled on 0.0.0.0:7474.
2025-08-26 19:10:47.181+0000 INFO  Remote interface available at http://localhost:7474/
2025-08-26 19:10:47.186+0000 INFO  id: 57C90656677330E5CAE61CD896350A51169FA8B6DFD039D91EB88F43735CBBF7
2025-08-26 19:10:47.187+0000 INFO  name: system
2025-08-26 19:10:47.188+0000 INFO  creationDate: 2025-08-22T17:07:02.519Z
2025-08-26 19:10:47.189+0000 INFO  Started.
2025-08-26 19:53:09.407+0000 INFO  Neo4j Server shutdown initiated by request
2025-08-26 19:53:09.408+0000 INFO  Stopping...
2025-08-27 13:18:05.493+0000 INFO  Logging config in use: Embedded default config 'default-user-logs.xml'
2025-08-27 13:18:05.512+0000 INFO  Starting...
2025-08-27 13:18:06.648+0000 INFO  This instance is ServerId{d98d68ce} (d98d68ce-f85b-479c-8517-16f8ef05aba3)
2025-08-27 13:18:08.479+0000 INFO  ======== Neo4j 2025.07.1 ========
2025-08-27 13:18:11.514+0000 INFO  Anonymous Usage Data is being sent to Neo4j, see https://neo4j.com/docs/usage-data/
2025-08-27 13:18:12.451+0000 INFO  Bolt enabled on 0.0.0.0:7687.
2025-08-27 13:18:13.692+0000 INFO  HTTP enabled on 0.0.0.0:7474.
2025-08-27 13:18:13.693+0000 INFO  Remote interface available at http://localhost:7474/
2025-08-27 13:18:13.697+0000 INFO  id: 57C90656677330E5CAE61CD896350A51169FA8B6DFD039D91EB88F43735CBBF7
2025-08-27 13:18:13.698+0000 INFO  name: system
2025-08-27 13:18:13.699+0000 INFO  creationDate: 2025-08-22T17:07:02.519Z
2025-08-27 13:18:13.699+0000 INFO  Started.
2025-08-27 13:48:43.518+0000 INFO  Neo4j Server shutdown initiated by request
2025-08-27 13:48:43.520+0000 INFO  Stopping...
2025-08-28 00:11:37.407+0000 INFO  Logging config in use: Embedded default config 'default-user-logs.xml'
2025-08-28 00:11:37.419+0000 INFO  Starting...
2025-08-28 00:11:38.541+0000 INFO  This instance is ServerId{d98d68ce} (d98d68ce-f85b-479c-8517-16f8ef05aba3)
2025-08-28 00:11:40.671+0000 INFO  ======== Neo4j 2025.07.1 ========
2025-08-28 00:11:44.106+0000 INFO  Anonymous Usage Data is being sent to Neo4j, see https://neo4j.com/docs/usage-data/
2025-08-28 00:11:45.247+0000 INFO  Bolt enabled on 0.0.0.0:7687.
2025-08-28 00:11:46.261+0000 INFO  HTTP enabled on 0.0.0.0:7474.
2025-08-28 00:11:46.262+0000 INFO  Remote interface available at http://localhost:7474/
2025-08-28 00:11:46.264+0000 INFO  id: 57C90656677330E5CAE61CD896350A51169FA8B6DFD039D91EB88F43735CBBF7
2025-08-28 00:11:46.265+0000 INFO  name: system
2025-08-28 00:11:46.266+0000 INFO  creationDate: 2025-08-22T17:07:02.519Z
2025-08-28 00:11:46.266+0000 INFO  Started.
2025-08-28 01:19:09.853+0000 INFO  Neo4j Server shutdown initiated by request
2025-08-28 01:19:09.855+0000 INFO  Stopping...
2025-08-28 12:01:13.952+0000 INFO  Logging config in use: Embedded default config 'default-user-logs.xml'
2025-08-28 12:01:13.980+0000 INFO  Starting...
2025-08-28 12:01:15.931+0000 INFO  This instance is ServerId{d98d68ce} (d98d68ce-f85b-479c-8517-16f8ef05aba3)
2025-08-28 12:01:18.228+0000 INFO  ======== Neo4j 2025.07.1 ========
2025-08-28 12:01:21.733+0000 INFO  Anonymous Usage Data is being sent to Neo4j, see https://neo4j.com/docs/usage-data/
2025-08-28 12:01:23.003+0000 INFO  Bolt enabled on 0.0.0.0:7687.
2025-08-28 12:01:24.190+0000 INFO  HTTP enabled on 0.0.0.0:7474.
2025-08-28 12:01:24.192+0000 INFO  Remote interface available at http://localhost:7474/
2025-08-28 12:01:24.198+0000 INFO  id: 57C90656677330E5CAE61CD896350A51169FA8B6DFD039D91EB88F43735CBBF7
2025-08-28 12:01:24.199+0000 INFO  name: system
2025-08-28 12:01:24.200+0000 INFO  creationDate: 2025-08-22T17:07:02.519Z
2025-08-28 12:01:24.201+0000 INFO  Started.
2025-08-28 13:54:26.991+0000 INFO  Neo4j Server shutdown initiated by request
2025-08-28 13:54:26.992+0000 INFO  Stopping...
2025-08-29 11:58:54.152+0000 INFO  Logging config in use: Embedded default config 'default-user-logs.xml'
2025-08-29 11:58:54.169+0000 INFO  Starting...
2025-08-29 11:58:55.370+0000 INFO  This instance is ServerId{d98d68ce} (d98d68ce-f85b-479c-8517-16f8ef05aba3)
2025-08-29 11:58:57.557+0000 INFO  ======== Neo4j 2025.07.1 ========
2025-08-29 11:59:00.795+0000 INFO  Anonymous Usage Data is being sent to Neo4j, see https://neo4j.com/docs/usage-data/
2025-08-29 11:59:02.023+0000 INFO  Bolt enabled on 0.0.0.0:7687.
2025-08-29 11:59:02.876+0000 INFO  HTTP enabled on 0.0.0.0:7474.
2025-08-29 11:59:02.878+0000 INFO  Remote interface available at http://localhost:7474/
2025-08-29 11:59:02.881+0000 INFO  id: 57C90656677330E5CAE61CD896350A51169FA8B6DFD039D91EB88F43735CBBF7
2025-08-29 11:59:02.882+0000 INFO  name: system
2025-08-29 11:59:02.883+0000 INFO  creationDate: 2025-08-22T17:07:02.519Z
2025-08-29 11:59:02.884+0000 INFO  Started.
2025-08-29 13:35:20.991+0000 INFO  Neo4j Server shutdown initiated by request
2025-08-29 13:35:20.991+0000 INFO  Stopping...
2025-08-30 11:07:54.163+0000 INFO  Logging config in use: Embedded default config 'default-user-logs.xml'
2025-08-30 11:07:54.172+0000 INFO  Starting...
2025-08-30 11:07:55.236+0000 INFO  This instance is ServerId{d98d68ce} (d98d68ce-f85b-479c-8517-16f8ef05aba3)
2025-08-30 11:07:57.255+0000 INFO  ======== Neo4j 2025.07.1 ========
2025-08-30 11:08:00.165+0000 INFO  Anonymous Usage Data is being sent to Neo4j, see https://neo4j.com/docs/usage-data/
2025-08-30 11:08:01.269+0000 INFO  Bolt enabled on 0.0.0.0:7687.
2025-08-30 11:08:02.156+0000 INFO  HTTP enabled on 0.0.0.0:7474.
2025-08-30 11:08:02.157+0000 INFO  Remote interface available at http://localhost:7474/
2025-08-30 11:08:02.161+0000 INFO  id: 57C90656677330E5CAE61CD896350A51169FA8B6DFD039D91EB88F43735CBBF7
2025-08-30 11:08:02.162+0000 INFO  name: system
2025-08-30 11:08:02.163+0000 INFO  creationDate: 2025-08-22T17:07:02.519Z
2025-08-30 11:08:02.163+0000 INFO  Started.
2025-08-30 13:11:38.094+0000 INFO  Neo4j Server shutdown initiated by request
2025-08-30 13:11:38.095+0000 INFO  Stopping...
2025-08-31 12:42:14.485+0000 INFO  Logging config in use: Embedded default config 'default-user-logs.xml'
2025-08-31 12:42:14.505+0000 INFO  Starting...
2025-08-31 12:42:15.841+0000 INFO  This instance is ServerId{d98d68ce} (d98d68ce-f85b-479c-8517-16f8ef05aba3)
2025-08-31 12:42:17.412+0000 INFO  ======== Neo4j 2025.07.1 ========
2025-08-31 12:42:20.375+0000 INFO  Anonymous Usage Data is being sent to Neo4j, see https://neo4j.com/docs/usage-data/
2025-08-31 12:42:21.544+0000 INFO  Bolt enabled on 0.0.0.0:7687.
2025-08-31 12:42:22.370+0000 INFO  HTTP enabled on 0.0.0.0:7474.
2025-08-31 12:42:22.372+0000 INFO  Remote interface available at http://localhost:7474/
2025-08-31 12:42:22.375+0000 INFO  id: 57C90656677330E5CAE61CD896350A51169FA8B6DFD039D91EB88F43735CBBF7
2025-08-31 12:42:22.375+0000 INFO  name: system
2025-08-31 12:42:22.376+0000 INFO  creationDate: 2025-08-22T17:07:02.519Z
2025-08-31 12:42:22.376+0000 INFO  Started.
2025-08-31 12:49:46.234+0000 INFO  Neo4j Server shutdown initiated by request
2025-08-31 12:49:46.235+0000 INFO  Stopping...
2025-09-01 11:39:23.710+0000 INFO  Logging config in use: Embedded default config 'default-user-logs.xml'
2025-09-01 11:39:23.747+0000 INFO  Starting...
2025-09-01 11:39:29.852+0000 INFO  This instance is ServerId{d98d68ce} (d98d68ce-f85b-479c-8517-16f8ef05aba3)
2025-09-01 11:39:37.590+0000 INFO  ======== Neo4j 2025.07.1 ========
2025-09-01 11:39:41.120+0000 INFO  Anonymous Usage Data is being sent to Neo4j, see https://neo4j.com/docs/usage-data/
2025-09-01 11:39:42.047+0000 INFO  Bolt enabled on 0.0.0.0:7687.
2025-09-01 11:39:42.952+0000 INFO  HTTP enabled on 0.0.0.0:7474.
2025-09-01 11:39:42.953+0000 INFO  Remote interface available at http://localhost:7474/
2025-09-01 11:39:42.958+0000 INFO  id: 57C90656677330E5CAE61CD896350A51169FA8B6DFD039D91EB88F43735CBBF7
2025-09-01 11:39:42.959+0000 INFO  name: system
2025-09-01 11:39:42.960+0000 INFO  creationDate: 2025-08-22T17:07:02.519Z
2025-09-01 11:39:42.960+0000 INFO  Started.
2025-09-01 13:12:09.801+0000 INFO  Neo4j Server shutdown initiated by request
2025-09-01 13:12:09.804+0000 INFO  Stopping...
2025-09-01 13:53:23.039+0000 INFO  Logging config in use: Embedded default config 'default-user-logs.xml'
2025-09-01 13:53:23.053+0000 INFO  Starting...
2025-09-01 13:53:24.138+0000 INFO  This instance is ServerId{d98d68ce} (d98d68ce-f85b-479c-8517-16f8ef05aba3)
2025-09-01 13:53:25.958+0000 INFO  ======== Neo4j 2025.07.1 ========
2025-09-01 13:53:29.189+0000 INFO  Anonymous Usage Data is being sent to Neo4j, see https://neo4j.com/docs/usage-data/
2025-09-01 13:53:30.071+0000 INFO  Bolt enabled on 0.0.0.0:7687.
2025-09-01 13:53:31.042+0000 INFO  HTTP enabled on 0.0.0.0:7474.
2025-09-01 13:53:31.044+0000 INFO  Remote interface available at http://localhost:7474/
2025-09-01 13:53:31.047+0000 INFO  id: 57C90656677330E5CAE61CD896350A51169FA8B6DFD039D91EB88F43735CBBF7
2025-09-01 13:53:31.048+0000 INFO  name: system
2025-09-01 13:53:31.048+0000 INFO  creationDate: 2025-08-22T17:07:02.519Z
2025-09-01 13:53:31.049+0000 INFO  Started.
2025-09-01 13:54:04.773+0000 INFO  Neo4j Server shutdown initiated by request
2025-09-01 13:54:04.774+0000 INFO  Stopping...
2025-09-01 23:26:10.742+0000 INFO  Logging config in use: Embedded default config 'default-user-logs.xml'
2025-09-01 23:26:10.856+0000 INFO  Starting...
2025-09-01 23:26:19.167+0000 INFO  This instance is ServerId{d98d68ce} (d98d68ce-f85b-479c-8517-16f8ef05aba3)
2025-09-01 23:26:23.585+0000 INFO  ======== Neo4j 2025.07.1 ========
2025-09-01 23:26:28.286+0000 INFO  Anonymous Usage Data is being sent to Neo4j, see https://neo4j.com/docs/usage-data/
2025-09-01 23:26:29.769+0000 INFO  Bolt enabled on 0.0.0.0:7687.
2025-09-01 23:26:31.228+0000 INFO  HTTP enabled on 0.0.0.0:7474.
2025-09-01 23:26:31.230+0000 INFO  Remote interface available at http://localhost:7474/
2025-09-01 23:26:31.238+0000 INFO  id: 57C90656677330E5CAE61CD896350A51169FA8B6DFD039D91EB88F43735CBBF7
2025-09-01 23:26:31.248+0000 INFO  name: system
2025-09-01 23:26:31.254+0000 INFO  creationDate: 2025-08-22T17:07:02.519Z
2025-09-01 23:26:31.256+0000 INFO  Started.
2025-09-02 02:53:29.841+0000 INFO  Neo4j Server shutdown initiated by request
2025-09-02 02:53:29.842+0000 INFO  Stopping...
2025-09-02 11:57:28.147+0000 INFO  Logging config in use: Embedded default config 'default-user-logs.xml'
2025-09-02 11:57:28.156+0000 INFO  Starting...
2025-09-02 11:57:29.410+0000 INFO  This instance is ServerId{d98d68ce} (d98d68ce-f85b-479c-8517-16f8ef05aba3)
2025-09-02 11:57:33.820+0000 INFO  ======== Neo4j 2025.07.1 ========
2025-09-02 11:57:39.951+0000 INFO  Anonymous Usage Data is being sent to Neo4j, see https://neo4j.com/docs/usage-data/
2025-09-02 11:57:40.846+0000 INFO  Bolt enabled on 0.0.0.0:7687.
2025-09-02 11:57:42.346+0000 INFO  HTTP enabled on 0.0.0.0:7474.
2025-09-02 11:57:42.347+0000 INFO  Remote interface available at http://localhost:7474/
2025-09-02 11:57:42.351+0000 INFO  id: 57C90656677330E5CAE61CD896350A51169FA8B6DFD039D91EB88F43735CBBF7
2025-09-02 11:57:42.352+0000 INFO  name: system
2025-09-02 11:57:42.352+0000 INFO  creationDate: 2025-08-22T17:07:02.519Z
2025-09-02 11:57:42.353+0000 INFO  Started.
2025-09-02 15:53:28.975+0000 INFO  Neo4j Server shutdown initiated by request
2025-09-02 15:53:28.976+0000 INFO  Stopping...
2025-09-05 12:54:02.784+0000 INFO  Logging config in use: Embedded default config 'default-user-logs.xml'
2025-09-05 12:54:02.793+0000 INFO  Starting...
2025-09-05 12:54:03.836+0000 INFO  This instance is ServerId{d98d68ce} (d98d68ce-f85b-479c-8517-16f8ef05aba3)
2025-09-05 12:54:05.572+0000 INFO  ======== Neo4j 2025.07.1 ========
2025-09-05 12:54:08.353+0000 INFO  Anonymous Usage Data is being sent to Neo4j, see https://neo4j.com/docs/usage-data/
2025-09-05 12:54:09.501+0000 INFO  Bolt enabled on 0.0.0.0:7687.
2025-09-05 12:54:10.255+0000 INFO  HTTP enabled on 0.0.0.0:7474.
2025-09-05 12:54:10.256+0000 INFO  Remote interface available at http://localhost:7474/
2025-09-05 12:54:10.259+0000 INFO  id: 57C90656677330E5CAE61CD896350A51169FA8B6DFD039D91EB88F43735CBBF7
2025-09-05 12:54:10.260+0000 INFO  name: system
2025-09-05 12:54:10.261+0000 INFO  creationDate: 2025-08-22T17:07:02.519Z
2025-09-05 12:54:10.261+0000 INFO  Started.
2025-09-05 13:01:32.137+0000 INFO  Neo4j Server shutdown initiated by request
2025-09-05 13:01:32.138+0000 INFO  Stopping...
2025-09-07 11:06:07.008+0000 INFO  Logging config in use: Embedded default config 'default-user-logs.xml'
2025-09-07 11:06:07.092+0000 INFO  Starting...
2025-09-07 11:06:09.863+0000 INFO  This instance is ServerId{d98d68ce} (d98d68ce-f85b-479c-8517-16f8ef05aba3)
2025-09-07 11:06:19.441+0000 INFO  ======== Neo4j 2025.07.1 ========
2025-09-07 11:06:24.304+0000 INFO  Anonymous Usage Data is being sent to Neo4j, see https://neo4j.com/docs/usage-data/
2025-09-07 11:06:25.708+0000 INFO  Bolt enabled on 0.0.0.0:7687.
2025-09-07 11:06:27.930+0000 INFO  HTTP enabled on 0.0.0.0:7474.
2025-09-07 11:06:27.931+0000 INFO  Remote interface available at http://localhost:7474/
2025-09-07 11:06:27.934+0000 INFO  id: 57C90656677330E5CAE61CD896350A51169FA8B6DFD039D91EB88F43735CBBF7
2025-09-07 11:06:27.935+0000 INFO  name: system
2025-09-07 11:06:27.936+0000 INFO  creationDate: 2025-08-22T17:07:02.519Z
2025-09-07 11:06:27.937+0000 INFO  Started.
2025-09-07 13:39:05.456+0000 INFO  Neo4j Server shutdown initiated by request
2025-09-07 13:39:05.459+0000 INFO  Stopping...
2025-09-09 10:48:49.167+0000 INFO  Logging config in use: Embedded default config 'default-user-logs.xml'
2025-09-09 10:48:49.176+0000 INFO  Starting...
2025-09-09 10:48:50.137+0000 INFO  This instance is ServerId{d98d68ce} (d98d68ce-f85b-479c-8517-16f8ef05aba3)
2025-09-09 10:48:52.045+0000 INFO  ======== Neo4j 2025.07.1 ========
2025-09-09 10:48:55.155+0000 INFO  Anonymous Usage Data is being sent to Neo4j, see https://neo4j.com/docs/usage-data/
2025-09-09 10:48:56.462+0000 INFO  Bolt enabled on 0.0.0.0:7687.
2025-09-09 10:48:57.358+0000 INFO  HTTP enabled on 0.0.0.0:7474.
2025-09-09 10:48:57.359+0000 INFO  Remote interface available at http://localhost:7474/
2025-09-09 10:48:57.362+0000 INFO  id: 57C90656677330E5CAE61CD896350A51169FA8B6DFD039D91EB88F43735CBBF7
2025-09-09 10:48:57.363+0000 INFO  name: system
2025-09-09 10:48:57.364+0000 INFO  creationDate: 2025-08-22T17:07:02.519Z
2025-09-09 10:48:57.365+0000 INFO  Started.
2025-09-09 11:58:32.020+0000 INFO  Neo4j Server shutdown initiated by request
2025-09-09 11:58:32.025+0000 INFO  Stopping...
2025-09-11 11:13:32.385+0000 INFO  Logging config in use: Embedded default config 'default-user-logs.xml'
2025-09-11 11:13:32.395+0000 INFO  Starting...
2025-09-11 11:13:33.497+0000 INFO  This instance is ServerId{d98d68ce} (d98d68ce-f85b-479c-8517-16f8ef05aba3)
2025-09-11 11:13:35.240+0000 INFO  ======== Neo4j 2025.07.1 ========
2025-09-11 11:13:38.328+0000 INFO  Anonymous Usage Data is being sent to Neo4j, see https://neo4j.com/docs/usage-data/
2025-09-11 11:13:40.199+0000 INFO  Bolt enabled on 0.0.0.0:7687.
2025-09-11 11:13:41.026+0000 INFO  HTTP enabled on 0.0.0.0:7474.
2025-09-11 11:13:41.028+0000 INFO  Remote interface available at http://localhost:7474/
2025-09-11 11:13:41.031+0000 INFO  id: 57C90656677330E5CAE61CD896350A51169FA8B6DFD039D91EB88F43735CBBF7
2025-09-11 11:13:41.032+0000 INFO  name: system
2025-09-11 11:13:41.032+0000 INFO  creationDate: 2025-08-22T17:07:02.519Z
2025-09-11 11:13:41.033+0000 INFO  Started.
2025-09-11 12:51:09.960+0000 INFO  Neo4j Server shutdown initiated by request
2025-09-11 12:51:09.961+0000 INFO  Stopping...
2025-09-11 13:01:41.974+0000 INFO  Logging config in use: Embedded default config 'default-user-logs.xml'
2025-09-11 13:01:41.986+0000 INFO  Starting...
2025-09-11 13:01:43.318+0000 INFO  This instance is ServerId{d98d68ce} (d98d68ce-f85b-479c-8517-16f8ef05aba3)
2025-09-11 13:01:46.542+0000 INFO  ======== Neo4j 2025.07.1 ========
2025-09-11 13:01:51.651+0000 INFO  Anonymous Usage Data is being sent to Neo4j, see https://neo4j.com/docs/usage-data/
2025-09-11 13:01:52.762+0000 INFO  Bolt enabled on 0.0.0.0:7687.
2025-09-11 13:01:53.991+0000 INFO  HTTP enabled on 0.0.0.0:7474.
2025-09-11 13:01:54.002+0000 INFO  Remote interface available at http://localhost:7474/
2025-09-11 13:01:54.025+0000 INFO  id: 57C90656677330E5CAE61CD896350A51169FA8B6DFD039D91EB88F43735CBBF7
2025-09-11 13:01:54.027+0000 INFO  name: system
2025-09-11 13:01:54.031+0000 INFO  creationDate: 2025-08-22T17:07:02.519Z
2025-09-11 13:01:54.033+0000 INFO  Started.
2025-09-11 16:24:12.040+0000 INFO  Neo4j Server shutdown initiated by request
2025-09-11 16:24:12.041+0000 INFO  Stopping...
2025-09-13 10:45:47.698+0000 INFO  Logging config in use: Embedded default config 'default-user-logs.xml'
2025-09-13 10:45:47.705+0000 INFO  Starting...
2025-09-13 10:45:48.723+0000 INFO  This instance is ServerId{d98d68ce} (d98d68ce-f85b-479c-8517-16f8ef05aba3)
2025-09-13 10:45:50.766+0000 INFO  ======== Neo4j 2025.07.1 ========
2025-09-13 10:45:53.671+0000 INFO  Anonymous Usage Data is being sent to Neo4j, see https://neo4j.com/docs/usage-data/
2025-09-13 10:45:54.617+0000 INFO  Bolt enabled on 0.0.0.0:7687.
2025-09-13 10:45:55.895+0000 INFO  HTTP enabled on 0.0.0.0:7474.
2025-09-13 10:45:55.896+0000 INFO  Remote interface available at http://localhost:7474/
2025-09-13 10:45:55.899+0000 INFO  id: 57C90656677330E5CAE61CD896350A51169FA8B6DFD039D91EB88F43735CBBF7
2025-09-13 10:45:55.900+0000 INFO  name: system
2025-09-13 10:45:55.900+0000 INFO  creationDate: 2025-08-22T17:07:02.519Z
2025-09-13 10:45:55.901+0000 INFO  Started.
2025-09-13 11:13:22.511+0000 WARN  [bolt-11] The client is unauthorized due to authentication failure.
2025-09-13 13:31:55.725+0000 INFO  Neo4j Server shutdown initiated by request
2025-09-13 13:31:55.728+0000 INFO  Stopping...
2025-09-13 19:37:40.564+0000 INFO  Logging config in use: Embedded default config 'default-user-logs.xml'
2025-09-13 19:37:40.581+0000 INFO  Starting...
2025-09-13 19:37:45.263+0000 INFO  This instance is ServerId{d98d68ce} (d98d68ce-f85b-479c-8517-16f8ef05aba3)
2025-09-13 19:37:52.907+0000 INFO  ======== Neo4j 2025.07.1 ========
2025-09-13 19:37:59.822+0000 INFO  Anonymous Usage Data is being sent to Neo4j, see https://neo4j.com/docs/usage-data/
2025-09-13 19:38:01.015+0000 INFO  Bolt enabled on 0.0.0.0:7687.
2025-09-13 19:38:02.403+0000 INFO  HTTP enabled on 0.0.0.0:7474.
2025-09-13 19:38:02.404+0000 INFO  Remote interface available at http://localhost:7474/
2025-09-13 19:38:02.408+0000 INFO  id: 57C90656677330E5CAE61CD896350A51169FA8B6DFD039D91EB88F43735CBBF7
2025-09-13 19:38:02.410+0000 INFO  name: system
2025-09-13 19:38:02.413+0000 INFO  creationDate: 2025-08-22T17:07:02.519Z
2025-09-13 19:38:02.414+0000 INFO  Started.
2025-09-13 19:41:54.061+0000 WARN  [bolt-11] The client is unauthorized due to authentication failure.
2025-09-13 19:56:24.794+0000 INFO  Neo4j Server shutdown initiated by request
2025-09-13 19:56:24.795+0000 INFO  Stopping...
2025-09-14 13:32:42.695+0000 INFO  Logging config in use: Embedded default config 'default-user-logs.xml'
2025-09-14 13:32:42.704+0000 INFO  Starting...
2025-09-14 13:32:43.656+0000 INFO  This instance is ServerId{d98d68ce} (d98d68ce-f85b-479c-8517-16f8ef05aba3)
2025-09-14 13:32:45.703+0000 INFO  ======== Neo4j 2025.07.1 ========
2025-09-14 13:32:48.733+0000 INFO  Anonymous Usage Data is being sent to Neo4j, see https://neo4j.com/docs/usage-data/
2025-09-14 13:32:49.617+0000 INFO  Bolt enabled on 0.0.0.0:7687.
2025-09-14 13:32:54.318+0000 INFO  HTTP enabled on 0.0.0.0:7474.
2025-09-14 13:32:54.320+0000 INFO  Remote interface available at http://localhost:7474/
2025-09-14 13:32:54.348+0000 INFO  id: 57C90656677330E5CAE61CD896350A51169FA8B6DFD039D91EB88F43735CBBF7
2025-09-14 13:32:54.349+0000 INFO  name: system
2025-09-14 13:32:54.351+0000 INFO  creationDate: 2025-08-22T17:07:02.519Z
2025-09-14 13:32:54.365+0000 INFO  Started.
2025-09-14 14:55:33.387+0000 INFO  Neo4j Server shutdown initiated by request
2025-09-14 14:55:33.390+0000 INFO  Stopping...
2025-09-14 19:56:14.771+0000 INFO  Logging config in use: Embedded default config 'default-user-logs.xml'
2025-09-14 19:56:14.799+0000 INFO  Starting...
2025-09-14 19:56:20.957+0000 INFO  This instance is ServerId{d98d68ce} (d98d68ce-f85b-479c-8517-16f8ef05aba3)
2025-09-14 19:56:26.769+0000 INFO  ======== Neo4j 2025.07.1 ========
2025-09-14 19:56:32.394+0000 INFO  Anonymous Usage Data is being sent to Neo4j, see https://neo4j.com/docs/usage-data/
2025-09-14 19:56:33.479+0000 INFO  Bolt enabled on 0.0.0.0:7687.
2025-09-14 19:56:34.954+0000 INFO  HTTP enabled on 0.0.0.0:7474.
2025-09-14 19:56:34.956+0000 INFO  Remote interface available at http://localhost:7474/
2025-09-14 19:56:34.959+0000 INFO  id: 57C90656677330E5CAE61CD896350A51169FA8B6DFD039D91EB88F43735CBBF7
2025-09-14 19:56:34.961+0000 INFO  name: system
2025-09-14 19:56:34.961+0000 INFO  creationDate: 2025-08-22T17:07:02.519Z
2025-09-14 19:56:34.962+0000 INFO  Started.
2025-09-14 21:51:41.112+0000 INFO  Neo4j Server shutdown initiated by request
2025-09-14 21:51:41.115+0000 INFO  Stopping...
2025-09-14 23:55:33.516+0000 INFO  Logging config in use: Embedded default config 'default-user-logs.xml'
2025-09-14 23:55:33.526+0000 INFO  Starting...
2025-09-14 23:55:34.459+0000 INFO  This instance is ServerId{d98d68ce} (d98d68ce-f85b-479c-8517-16f8ef05aba3)
2025-09-14 23:55:36.065+0000 INFO  ======== Neo4j 2025.07.1 ========
2025-09-14 23:55:39.204+0000 INFO  Anonymous Usage Data is being sent to Neo4j, see https://neo4j.com/docs/usage-data/
2025-09-14 23:55:40.204+0000 INFO  Bolt enabled on 0.0.0.0:7687.
2025-09-14 23:55:41.793+0000 INFO  HTTP enabled on 0.0.0.0:7474.
2025-09-14 23:55:41.794+0000 INFO  Remote interface available at http://localhost:7474/
2025-09-14 23:55:41.798+0000 INFO  id: 57C90656677330E5CAE61CD896350A51169FA8B6DFD039D91EB88F43735CBBF7
2025-09-14 23:55:41.799+0000 INFO  name: system
2025-09-14 23:55:41.800+0000 INFO  creationDate: 2025-08-22T17:07:02.519Z
2025-09-14 23:55:41.802+0000 INFO  Started.
2025-09-15 02:46:39.765+0000 INFO  Neo4j Server shutdown initiated by request
2025-09-15 02:46:39.769+0000 INFO  Stopping...
2025-09-15 12:02:41.518+0000 INFO  Logging config in use: Embedded default config 'default-user-logs.xml'
2025-09-15 12:02:41.532+0000 INFO  Starting...
2025-09-15 12:02:42.666+0000 INFO  This instance is ServerId{d98d68ce} (d98d68ce-f85b-479c-8517-16f8ef05aba3)
2025-09-15 12:02:44.751+0000 INFO  ======== Neo4j 2025.07.1 ========
2025-09-15 12:02:47.480+0000 INFO  Anonymous Usage Data is being sent to Neo4j, see https://neo4j.com/docs/usage-data/
2025-09-15 12:02:48.316+0000 INFO  Bolt enabled on 0.0.0.0:7687.
2025-09-15 12:02:49.330+0000 INFO  HTTP enabled on 0.0.0.0:7474.
2025-09-15 12:02:49.331+0000 INFO  Remote interface available at http://localhost:7474/
2025-09-15 12:02:49.334+0000 INFO  id: 57C90656677330E5CAE61CD896350A51169FA8B6DFD039D91EB88F43735CBBF7
2025-09-15 12:02:49.335+0000 INFO  name: system
2025-09-15 12:02:49.335+0000 INFO  creationDate: 2025-08-22T17:07:02.519Z
2025-09-15 12:02:49.336+0000 INFO  Started.
2025-09-15 17:31:06.228+0000 INFO  Neo4j Server shutdown initiated by request
2025-09-15 17:31:06.230+0000 INFO  Stopping...
2025-09-15 20:04:05.892+0000 INFO  Logging config in use: Embedded default config 'default-user-logs.xml'
2025-09-15 20:04:05.927+0000 INFO  Starting...
2025-09-15 20:04:10.630+0000 INFO  This instance is ServerId{d98d68ce} (d98d68ce-f85b-479c-8517-16f8ef05aba3)
2025-09-15 20:04:18.529+0000 INFO  ======== Neo4j 2025.07.1 ========
2025-09-15 20:04:21.549+0000 INFO  Anonymous Usage Data is being sent to Neo4j, see https://neo4j.com/docs/usage-data/
2025-09-15 20:04:22.422+0000 INFO  Bolt enabled on 0.0.0.0:7687.
2025-09-15 20:04:23.458+0000 INFO  HTTP enabled on 0.0.0.0:7474.
2025-09-15 20:04:23.459+0000 INFO  Remote interface available at http://localhost:7474/
2025-09-15 20:04:23.462+0000 INFO  id: 57C90656677330E5CAE61CD896350A51169FA8B6DFD039D91EB88F43735CBBF7
2025-09-15 20:04:23.463+0000 INFO  name: system
2025-09-15 20:04:23.463+0000 INFO  creationDate: 2025-08-22T17:07:02.519Z
2025-09-15 20:04:23.464+0000 INFO  Started.
2025-09-15 23:38:00.267+0000 INFO  Neo4j Server shutdown initiated by request
2025-09-15 23:38:00.269+0000 INFO  Stopping...
2025-09-16 13:56:43.019+0000 INFO  Logging config in use: Embedded default config 'default-user-logs.xml'
2025-09-16 13:56:43.039+0000 INFO  Starting...
2025-09-16 13:56:49.047+0000 INFO  This instance is ServerId{d98d68ce} (d98d68ce-f85b-479c-8517-16f8ef05aba3)
2025-09-16 13:57:02.206+0000 INFO  ======== Neo4j 2025.07.1 ========
2025-09-16 13:57:07.789+0000 INFO  Anonymous Usage Data is being sent to Neo4j, see https://neo4j.com/docs/usage-data/
2025-09-16 13:57:09.074+0000 INFO  Bolt enabled on 0.0.0.0:7687.
2025-09-16 13:57:10.455+0000 INFO  HTTP enabled on 0.0.0.0:7474.
2025-09-16 13:57:10.457+0000 INFO  Remote interface available at http://localhost:7474/
2025-09-16 13:57:10.464+0000 INFO  id: 57C90656677330E5CAE61CD896350A51169FA8B6DFD039D91EB88F43735CBBF7
2025-09-16 13:57:10.474+0000 INFO  name: system
2025-09-16 13:57:10.483+0000 INFO  creationDate: 2025-08-22T17:07:02.519Z
2025-09-16 13:57:10.484+0000 INFO  Started.
2025-09-16 16:33:18.079+0000 INFO  Neo4j Server shutdown initiated by request
2025-09-16 16:33:18.080+0000 INFO  Stopping...
2025-09-16 22:48:38.530+0000 INFO  Logging config in use: Embedded default config 'default-user-logs.xml'
2025-09-16 22:48:38.537+0000 INFO  Starting...
2025-09-16 22:48:39.522+0000 INFO  This instance is ServerId{d98d68ce} (d98d68ce-f85b-479c-8517-16f8ef05aba3)
2025-09-16 22:48:41.495+0000 INFO  ======== Neo4j 2025.07.1 ========
2025-09-16 22:48:44.337+0000 INFO  Anonymous Usage Data is being sent to Neo4j, see https://neo4j.com/docs/usage-data/
2025-09-16 22:48:45.201+0000 INFO  Bolt enabled on 0.0.0.0:7687.
2025-09-16 22:48:46.030+0000 INFO  HTTP enabled on 0.0.0.0:7474.
2025-09-16 22:48:46.031+0000 INFO  Remote interface available at http://localhost:7474/
2025-09-16 22:48:46.034+0000 INFO  id: 57C90656677330E5CAE61CD896350A51169FA8B6DFD039D91EB88F43735CBBF7
2025-09-16 22:48:46.035+0000 INFO  name: system
2025-09-16 22:48:46.035+0000 INFO  creationDate: 2025-08-22T17:07:02.519Z
2025-09-16 22:48:46.036+0000 INFO  Started.
2025-09-17 00:19:26.629+0000 INFO  Neo4j Server shutdown initiated by request
2025-09-17 00:19:26.631+0000 INFO  Stopping...
2025-09-17 13:26:02.364+0000 INFO  Logging config in use: Embedded default config 'default-user-logs.xml'
2025-09-17 13:26:02.402+0000 INFO  Starting...
2025-09-17 13:26:06.793+0000 INFO  This instance is ServerId{d98d68ce} (d98d68ce-f85b-479c-8517-16f8ef05aba3)
2025-09-17 13:26:13.373+0000 INFO  ======== Neo4j 2025.07.1 ========
2025-09-17 13:26:16.416+0000 INFO  Anonymous Usage Data is being sent to Neo4j, see https://neo4j.com/docs/usage-data/
2025-09-17 13:26:17.417+0000 INFO  Bolt enabled on 0.0.0.0:7687.
2025-09-17 13:26:18.331+0000 INFO  HTTP enabled on 0.0.0.0:7474.
2025-09-17 13:26:18.332+0000 INFO  Remote interface available at http://localhost:7474/
2025-09-17 13:26:18.335+0000 INFO  id: 57C90656677330E5CAE61CD896350A51169FA8B6DFD039D91EB88F43735CBBF7
2025-09-17 13:26:18.336+0000 INFO  name: system
2025-09-17 13:26:18.337+0000 INFO  creationDate: 2025-08-22T17:07:02.519Z
2025-09-17 13:26:18.338+0000 INFO  Started.
2025-09-17 14:24:30.073+0000 INFO  Neo4j Server shutdown initiated by request
2025-09-17 14:24:30.075+0000 INFO  Stopping...
2025-09-17 15:59:20.304+0000 INFO  Logging config in use: Embedded default config 'default-user-logs.xml'
2025-09-17 15:59:20.313+0000 INFO  Starting...
2025-09-17 15:59:21.392+0000 INFO  This instance is ServerId{d98d68ce} (d98d68ce-f85b-479c-8517-16f8ef05aba3)
2025-09-17 15:59:23.016+0000 INFO  ======== Neo4j 2025.07.1 ========
2025-09-17 15:59:25.986+0000 INFO  Anonymous Usage Data is being sent to Neo4j, see https://neo4j.com/docs/usage-data/
2025-09-17 15:59:26.969+0000 INFO  Bolt enabled on 0.0.0.0:7687.
2025-09-17 15:59:28.076+0000 INFO  HTTP enabled on 0.0.0.0:7474.
2025-09-17 15:59:28.077+0000 INFO  Remote interface available at http://localhost:7474/
2025-09-17 15:59:28.080+0000 INFO  id: 57C90656677330E5CAE61CD896350A51169FA8B6DFD039D91EB88F43735CBBF7
2025-09-17 15:59:28.081+0000 INFO  name: system
2025-09-17 15:59:28.082+0000 INFO  creationDate: 2025-08-22T17:07:02.519Z
2025-09-17 15:59:28.082+0000 INFO  Started.
2025-09-17 20:53:44.216+0000 INFO  Neo4j Server shutdown initiated by request
2025-09-17 20:53:44.219+0000 INFO  Stopping...
2025-09-18 11:17:09.312+0000 INFO  Logging config in use: Embedded default config 'default-user-logs.xml'
2025-09-18 11:17:09.321+0000 INFO  Starting...
2025-09-18 11:17:10.546+0000 INFO  This instance is ServerId{d98d68ce} (d98d68ce-f85b-479c-8517-16f8ef05aba3)
2025-09-18 11:17:12.873+0000 INFO  ======== Neo4j 2025.07.1 ========
2025-09-18 11:17:16.303+0000 INFO  Anonymous Usage Data is being sent to Neo4j, see https://neo4j.com/docs/usage-data/
2025-09-18 11:17:17.323+0000 INFO  Bolt enabled on 0.0.0.0:7687.
2025-09-18 11:17:18.524+0000 INFO  HTTP enabled on 0.0.0.0:7474.
2025-09-18 11:17:18.525+0000 INFO  Remote interface available at http://localhost:7474/
2025-09-18 11:17:18.529+0000 INFO  id: 57C90656677330E5CAE61CD896350A51169FA8B6DFD039D91EB88F43735CBBF7
2025-09-18 11:17:18.530+0000 INFO  name: system
2025-09-18 11:17:18.530+0000 INFO  creationDate: 2025-08-22T17:07:02.519Z
2025-09-18 11:17:18.531+0000 INFO  Started.
2025-09-18 13:05:00.867+0000 INFO  Neo4j Server shutdown initiated by request
2025-09-18 13:05:00.868+0000 INFO  Stopping...
2025-09-21 11:31:46.954+0000 INFO  Logging config in use: Embedded default config 'default-user-logs.xml'
2025-09-21 11:31:46.964+0000 INFO  Starting...
2025-09-21 11:31:47.974+0000 INFO  This instance is ServerId{d98d68ce} (d98d68ce-f85b-479c-8517-16f8ef05aba3)
2025-09-21 11:31:49.942+0000 INFO  ======== Neo4j 2025.07.1 ========
2025-09-21 11:31:53.020+0000 INFO  Anonymous Usage Data is being sent to Neo4j, see https://neo4j.com/docs/usage-data/
2025-09-21 11:31:54.119+0000 INFO  Bolt enabled on 0.0.0.0:7687.
2025-09-21 11:31:55.085+0000 INFO  HTTP enabled on 0.0.0.0:7474.
2025-09-21 11:31:55.086+0000 INFO  Remote interface available at http://localhost:7474/
2025-09-21 11:31:55.089+0000 INFO  id: 57C90656677330E5CAE61CD896350A51169FA8B6DFD039D91EB88F43735CBBF7
2025-09-21 11:31:55.090+0000 INFO  name: system
2025-09-21 11:31:55.091+0000 INFO  creationDate: 2025-08-22T17:07:02.519Z
2025-09-21 11:31:55.091+0000 INFO  Started.
2025-09-21 12:58:11.735+0000 WARN  [bolt-13] The client is unauthorized due to authentication failure.
2025-09-21 14:16:03.511+0000 INFO  Neo4j Server shutdown initiated by request
2025-09-21 14:16:03.512+0000 INFO  Stopping...
2025-09-21 19:52:10.959+0000 INFO  Logging config in use: Embedded default config 'default-user-logs.xml'
2025-09-21 19:52:11.020+0000 INFO  Starting...
2025-09-21 19:52:13.888+0000 INFO  This instance is ServerId{d98d68ce} (d98d68ce-f85b-479c-8517-16f8ef05aba3)
2025-09-21 19:52:17.443+0000 INFO  ======== Neo4j 2025.07.1 ========
2025-09-21 19:52:23.853+0000 INFO  Anonymous Usage Data is being sent to Neo4j, see https://neo4j.com/docs/usage-data/
2025-09-21 19:52:24.908+0000 INFO  Bolt enabled on 0.0.0.0:7687.
2025-09-21 19:52:26.111+0000 INFO  HTTP enabled on 0.0.0.0:7474.
2025-09-21 19:52:26.113+0000 INFO  Remote interface available at http://localhost:7474/
2025-09-21 19:52:26.116+0000 INFO  id: 57C90656677330E5CAE61CD896350A51169FA8B6DFD039D91EB88F43735CBBF7
2025-09-21 19:52:26.117+0000 INFO  name: system
2025-09-21 19:52:26.119+0000 INFO  creationDate: 2025-08-22T17:07:02.519Z
2025-09-21 19:52:26.120+0000 INFO  Started.
2025-09-21 20:12:19.125+0000 INFO  Neo4j Server shutdown initiated by request
2025-09-21 20:12:19.126+0000 INFO  Stopping...
2025-09-21 22:50:50.643+0000 INFO  Logging config in use: Embedded default config 'default-user-logs.xml'
2025-09-21 22:50:50.655+0000 INFO  Starting...
2025-09-21 22:50:51.662+0000 INFO  This instance is ServerId{d98d68ce} (d98d68ce-f85b-479c-8517-16f8ef05aba3)
2025-09-21 22:50:53.372+0000 INFO  ======== Neo4j 2025.07.1 ========
2025-09-21 22:50:56.046+0000 INFO  Anonymous Usage Data is being sent to Neo4j, see https://neo4j.com/docs/usage-data/
2025-09-21 22:50:57.110+0000 INFO  Bolt enabled on 0.0.0.0:7687.
2025-09-21 22:50:57.959+0000 INFO  HTTP enabled on 0.0.0.0:7474.
2025-09-21 22:50:57.963+0000 INFO  Remote interface available at http://localhost:7474/
2025-09-21 22:50:57.966+0000 INFO  id: 57C90656677330E5CAE61CD896350A51169FA8B6DFD039D91EB88F43735CBBF7
2025-09-21 22:50:57.967+0000 INFO  name: system
2025-09-21 22:50:57.967+0000 INFO  creationDate: 2025-08-22T17:07:02.519Z
2025-09-21 22:50:57.968+0000 INFO  Started.
2025-09-22 01:15:45.767+0000 INFO  Neo4j Server shutdown initiated by request
2025-09-22 01:15:45.768+0000 INFO  Stopping...
2025-09-22 10:33:14.730+0000 INFO  Logging config in use: Embedded default config 'default-user-logs.xml'
2025-09-22 10:33:14.736+0000 INFO  Starting...
2025-09-22 10:33:15.617+0000 INFO  This instance is ServerId{d98d68ce} (d98d68ce-f85b-479c-8517-16f8ef05aba3)
2025-09-22 10:33:17.224+0000 INFO  ======== Neo4j 2025.07.1 ========
2025-09-22 10:33:19.770+0000 INFO  Anonymous Usage Data is being sent to Neo4j, see https://neo4j.com/docs/usage-data/
2025-09-22 10:33:20.598+0000 INFO  Bolt enabled on 0.0.0.0:7687.
2025-09-22 10:33:21.374+0000 INFO  HTTP enabled on 0.0.0.0:7474.
2025-09-22 10:33:21.375+0000 INFO  Remote interface available at http://localhost:7474/
2025-09-22 10:33:21.378+0000 INFO  id: 57C90656677330E5CAE61CD896350A51169FA8B6DFD039D91EB88F43735CBBF7
2025-09-22 10:33:21.379+0000 INFO  name: system
2025-09-22 10:33:21.379+0000 INFO  creationDate: 2025-08-22T17:07:02.519Z
2025-09-22 10:33:21.380+0000 INFO  Started.
2025-09-22 14:38:47.248+0000 INFO  Neo4j Server shutdown initiated by request
2025-09-22 14:38:47.249+0000 INFO  Stopping...
2025-09-22 22:24:42.030+0000 INFO  Logging config in use: Embedded default config 'default-user-logs.xml'
2025-09-22 22:24:42.047+0000 INFO  Starting...
2025-09-22 22:24:43.100+0000 INFO  This instance is ServerId{d98d68ce} (d98d68ce-f85b-479c-8517-16f8ef05aba3)
2025-09-22 22:24:44.966+0000 INFO  ======== Neo4j 2025.07.1 ========
2025-09-22 22:24:48.182+0000 INFO  Anonymous Usage Data is being sent to Neo4j, see https://neo4j.com/docs/usage-data/
2025-09-22 22:24:49.390+0000 INFO  Bolt enabled on 0.0.0.0:7687.
2025-09-22 22:24:50.173+0000 INFO  HTTP enabled on 0.0.0.0:7474.
2025-09-22 22:24:50.175+0000 INFO  Remote interface available at http://localhost:7474/
2025-09-22 22:24:50.178+0000 INFO  id: 57C90656677330E5CAE61CD896350A51169FA8B6DFD039D91EB88F43735CBBF7
2025-09-22 22:24:50.178+0000 INFO  name: system
2025-09-22 22:24:50.179+0000 INFO  creationDate: 2025-08-22T17:07:02.519Z
2025-09-22 22:24:50.179+0000 INFO  Started.
2025-09-22 23:52:46.024+0000 WARN  [bolt-22] The client is unauthorized due to authentication failure.
2025-09-23 00:35:02.513+0000 INFO  Neo4j Server shutdown initiated by request
2025-09-23 00:35:02.514+0000 INFO  Stopping...
2025-09-23 12:04:46.722+0000 INFO  Logging config in use: Embedded default config 'default-user-logs.xml'
2025-09-23 12:04:46.730+0000 INFO  Starting...
2025-09-23 12:04:47.703+0000 INFO  This instance is ServerId{d98d68ce} (d98d68ce-f85b-479c-8517-16f8ef05aba3)
2025-09-23 12:04:49.738+0000 INFO  ======== Neo4j 2025.07.1 ========
2025-09-23 12:04:52.624+0000 INFO  Anonymous Usage Data is being sent to Neo4j, see https://neo4j.com/docs/usage-data/
2025-09-23 12:04:53.527+0000 INFO  Bolt enabled on 0.0.0.0:7687.
2025-09-23 12:04:55.445+0000 INFO  HTTP enabled on 0.0.0.0:7474.
2025-09-23 12:04:55.447+0000 INFO  Remote interface available at http://localhost:7474/
2025-09-23 12:04:55.456+0000 INFO  id: 57C90656677330E5CAE61CD896350A51169FA8B6DFD039D91EB88F43735CBBF7
2025-09-23 12:04:55.458+0000 INFO  name: system
2025-09-23 12:04:55.460+0000 INFO  creationDate: 2025-08-22T17:07:02.519Z
2025-09-23 12:04:55.462+0000 INFO  Started.
2025-09-23 14:13:53.040+0000 INFO  Neo4j Server shutdown initiated by request
2025-09-23 14:13:53.041+0000 INFO  Stopping...
2025-09-23 23:03:37.263+0000 INFO  Logging config in use: Embedded default config 'default-user-logs.xml'
2025-09-23 23:03:37.276+0000 INFO  Starting...
2025-09-23 23:03:38.343+0000 INFO  This instance is ServerId{d98d68ce} (d98d68ce-f85b-479c-8517-16f8ef05aba3)
2025-09-23 23:03:40.112+0000 INFO  ======== Neo4j 2025.07.1 ========
2025-09-23 23:03:43.027+0000 INFO  Anonymous Usage Data is being sent to Neo4j, see https://neo4j.com/docs/usage-data/
2025-09-23 23:03:44.264+0000 INFO  Bolt enabled on 0.0.0.0:7687.
2025-09-23 23:03:45.044+0000 INFO  HTTP enabled on 0.0.0.0:7474.
2025-09-23 23:03:45.046+0000 INFO  Remote interface available at http://localhost:7474/
2025-09-23 23:03:45.049+0000 INFO  id: 57C90656677330E5CAE61CD896350A51169FA8B6DFD039D91EB88F43735CBBF7
2025-09-23 23:03:45.050+0000 INFO  name: system
2025-09-23 23:03:45.050+0000 INFO  creationDate: 2025-08-22T17:07:02.519Z
2025-09-23 23:03:45.051+0000 INFO  Started.
2025-09-24 01:00:04.239+0000 INFO  Neo4j Server shutdown initiated by request
2025-09-24 01:00:04.240+0000 INFO  Stopping...
2025-09-24 10:06:54.444+0000 INFO  Logging config in use: Embedded default config 'default-user-logs.xml'
2025-09-24 10:06:54.463+0000 INFO  Starting...
2025-09-24 10:06:55.934+0000 INFO  This instance is ServerId{d98d68ce} (d98d68ce-f85b-479c-8517-16f8ef05aba3)
2025-09-24 10:07:01.387+0000 INFO  ======== Neo4j 2025.07.1 ========
2025-09-24 10:07:06.297+0000 INFO  Anonymous Usage Data is being sent to Neo4j, see https://neo4j.com/docs/usage-data/
2025-09-24 10:07:09.104+0000 INFO  Bolt enabled on 0.0.0.0:7687.
2025-09-24 10:07:11.280+0000 INFO  HTTP enabled on 0.0.0.0:7474.
2025-09-24 10:07:11.282+0000 INFO  Remote interface available at http://localhost:7474/
2025-09-24 10:07:11.286+0000 INFO  id: 57C90656677330E5CAE61CD896350A51169FA8B6DFD039D91EB88F43735CBBF7
2025-09-24 10:07:11.287+0000 INFO  name: system
2025-09-24 10:07:11.288+0000 INFO  creationDate: 2025-08-22T17:07:02.519Z
2025-09-24 10:07:11.289+0000 INFO  Started.
2025-09-24 14:28:46.571+0000 INFO  Neo4j Server shutdown initiated by request
2025-09-24 14:28:46.573+0000 INFO  Stopping...
2025-09-25 23:40:00.577+0000 INFO  Logging config in use: Embedded default config 'default-user-logs.xml'
2025-09-25 23:40:00.612+0000 INFO  Starting...
2025-09-25 23:40:01.926+0000 INFO  This instance is ServerId{d98d68ce} (d98d68ce-f85b-479c-8517-16f8ef05aba3)
2025-09-25 23:40:04.482+0000 INFO  ======== Neo4j 2025.07.1 ========
2025-09-25 23:40:09.128+0000 INFO  Anonymous Usage Data is being sent to Neo4j, see https://neo4j.com/docs/usage-data/
2025-09-25 23:40:10.307+0000 INFO  Bolt enabled on 0.0.0.0:7687.
2025-09-25 23:40:11.425+0000 INFO  HTTP enabled on 0.0.0.0:7474.
2025-09-25 23:40:11.427+0000 INFO  Remote interface available at http://localhost:7474/
2025-09-25 23:40:11.430+0000 INFO  id: 57C90656677330E5CAE61CD896350A51169FA8B6DFD039D91EB88F43735CBBF7
2025-09-25 23:40:11.431+0000 INFO  name: system
2025-09-25 23:40:11.431+0000 INFO  creationDate: 2025-08-22T17:07:02.519Z
2025-09-25 23:40:11.432+0000 INFO  Started.
2025-09-26 02:16:09.835+0000 INFO  Neo4j Server shutdown initiated by request
2025-09-26 02:16:09.836+0000 INFO  Stopping...
2025-09-26 11:46:20.910+0000 INFO  Logging config in use: Embedded default config 'default-user-logs.xml'
2025-09-26 11:46:20.920+0000 INFO  Starting...
2025-09-26 11:46:22.477+0000 INFO  This instance is ServerId{d98d68ce} (d98d68ce-f85b-479c-8517-16f8ef05aba3)
2025-09-26 11:46:26.646+0000 INFO  ======== Neo4j 2025.07.1 ========
2025-09-26 11:46:32.266+0000 INFO  Anonymous Usage Data is being sent to Neo4j, see https://neo4j.com/docs/usage-data/
2025-09-26 11:46:33.512+0000 INFO  Bolt enabled on 0.0.0.0:7687.
2025-09-26 11:46:35.698+0000 INFO  HTTP enabled on 0.0.0.0:7474.
2025-09-26 11:46:35.699+0000 INFO  Remote interface available at http://localhost:7474/
2025-09-26 11:46:35.703+0000 INFO  id: 57C90656677330E5CAE61CD896350A51169FA8B6DFD039D91EB88F43735CBBF7
2025-09-26 11:46:35.703+0000 INFO  name: system
2025-09-26 11:46:35.704+0000 INFO  creationDate: 2025-08-22T17:07:02.519Z
2025-09-26 11:46:35.704+0000 INFO  Started.
2025-09-26 13:22:55.959+0000 INFO  Neo4j Server shutdown initiated by request
2025-09-26 13:22:55.960+0000 INFO  Stopping...
2025-09-29 23:47:51.408+0000 INFO  Logging config in use: Embedded default config 'default-user-logs.xml'
2025-09-29 23:47:51.416+0000 INFO  Starting...
2025-09-29 23:47:52.457+0000 INFO  This instance is ServerId{d98d68ce} (d98d68ce-f85b-479c-8517-16f8ef05aba3)
2025-09-29 23:47:54.140+0000 INFO  ======== Neo4j 2025.07.1 ========
2025-09-29 23:47:56.798+0000 INFO  Anonymous Usage Data is being sent to Neo4j, see https://neo4j.com/docs/usage-data/
2025-09-29 23:47:57.923+0000 INFO  Bolt enabled on 0.0.0.0:7687.
2025-09-29 23:47:58.724+0000 INFO  HTTP enabled on 0.0.0.0:7474.
2025-09-29 23:47:58.725+0000 INFO  Remote interface available at http://localhost:7474/
2025-09-29 23:47:58.728+0000 INFO  id: 57C90656677330E5CAE61CD896350A51169FA8B6DFD039D91EB88F43735CBBF7
2025-09-29 23:47:58.729+0000 INFO  name: system
2025-09-29 23:47:58.729+0000 INFO  creationDate: 2025-08-22T17:07:02.519Z
2025-09-29 23:47:58.730+0000 INFO  Started.
2025-09-30 03:55:57.802+0000 INFO  Neo4j Server shutdown initiated by request
2025-09-30 03:55:57.803+0000 INFO  Stopping...
2025-09-30 11:13:26.358+0000 INFO  Logging config in use: Embedded default config 'default-user-logs.xml'
2025-09-30 11:13:26.380+0000 INFO  Starting...
2025-09-30 11:13:27.607+0000 INFO  This instance is ServerId{d98d68ce} (d98d68ce-f85b-479c-8517-16f8ef05aba3)
2025-09-30 11:13:29.419+0000 INFO  ======== Neo4j 2025.07.1 ========
2025-09-30 11:13:32.115+0000 INFO  Anonymous Usage Data is being sent to Neo4j, see https://neo4j.com/docs/usage-data/
2025-09-30 11:13:33.192+0000 INFO  Bolt enabled on 0.0.0.0:7687.
2025-09-30 11:13:34.009+0000 INFO  HTTP enabled on 0.0.0.0:7474.
2025-09-30 11:13:34.010+0000 INFO  Remote interface available at http://localhost:7474/
2025-09-30 11:13:34.012+0000 INFO  id: 57C90656677330E5CAE61CD896350A51169FA8B6DFD039D91EB88F43735CBBF7
2025-09-30 11:13:34.013+0000 INFO  name: system
2025-09-30 11:13:34.013+0000 INFO  creationDate: 2025-08-22T17:07:02.519Z
2025-09-30 11:13:34.014+0000 INFO  Started.
2025-09-30 12:54:52.198+0000 WARN  [bolt-33] The client is unauthorized due to authentication failure.
2025-09-30 13:08:24.153+0000 INFO  Neo4j Server shutdown initiated by request
2025-09-30 13:08:24.154+0000 INFO  Stopping...
2025-09-30 22:23:32.614+0000 INFO  Logging config in use: Embedded default config 'default-user-logs.xml'
2025-09-30 22:23:32.622+0000 INFO  Starting...
2025-09-30 22:23:33.529+0000 INFO  This instance is ServerId{d98d68ce} (d98d68ce-f85b-479c-8517-16f8ef05aba3)
2025-09-30 22:23:36.029+0000 INFO  ======== Neo4j 2025.07.1 ========
2025-09-30 22:23:39.017+0000 INFO  Anonymous Usage Data is being sent to Neo4j, see https://neo4j.com/docs/usage-data/
2025-09-30 22:23:39.929+0000 INFO  Bolt enabled on 0.0.0.0:7687.
2025-09-30 22:23:40.939+0000 INFO  HTTP enabled on 0.0.0.0:7474.
2025-09-30 22:23:40.940+0000 INFO  Remote interface available at http://localhost:7474/
2025-09-30 22:23:40.943+0000 INFO  id: 57C90656677330E5CAE61CD896350A51169FA8B6DFD039D91EB88F43735CBBF7
2025-09-30 22:23:40.944+0000 INFO  name: system
2025-09-30 22:23:40.944+0000 INFO  creationDate: 2025-08-22T17:07:02.519Z
2025-09-30 22:23:40.945+0000 INFO  Started.
2025-10-01 03:05:52.898+0000 INFO  Neo4j Server shutdown initiated by request
2025-10-01 03:05:52.899+0000 INFO  Stopping...
2025-10-01 12:23:09.366+0000 INFO  Logging config in use: Embedded default config 'default-user-logs.xml'
2025-10-01 12:23:09.383+0000 INFO  Starting...
2025-10-01 12:23:10.615+0000 INFO  This instance is ServerId{d98d68ce} (d98d68ce-f85b-479c-8517-16f8ef05aba3)
2025-10-01 12:23:12.521+0000 INFO  ======== Neo4j 2025.07.1 ========
2025-10-01 12:23:15.732+0000 INFO  Anonymous Usage Data is being sent to Neo4j, see https://neo4j.com/docs/usage-data/
2025-10-01 12:23:16.904+0000 INFO  Bolt enabled on 0.0.0.0:7687.
2025-10-01 12:23:17.689+0000 INFO  HTTP enabled on 0.0.0.0:7474.
2025-10-01 12:23:17.690+0000 INFO  Remote interface available at http://localhost:7474/
2025-10-01 12:23:17.693+0000 INFO  id: 57C90656677330E5CAE61CD896350A51169FA8B6DFD039D91EB88F43735CBBF7
2025-10-01 12:23:17.694+0000 INFO  name: system
2025-10-01 12:23:17.695+0000 INFO  creationDate: 2025-08-22T17:07:02.519Z
2025-10-01 12:23:17.695+0000 INFO  Started.
2025-10-01 12:33:17.506+0000 INFO  Neo4j Server shutdown initiated by request
2025-10-01 12:33:17.507+0000 INFO  Stopping...
2025-10-01 12:35:40.223+0000 INFO  Logging config in use: Embedded default config 'default-user-logs.xml'
2025-10-01 12:35:40.229+0000 INFO  Starting...
2025-10-01 12:35:40.965+0000 INFO  This instance is ServerId{d98d68ce} (d98d68ce-f85b-479c-8517-16f8ef05aba3)
2025-10-01 12:35:41.977+0000 INFO  ======== Neo4j 2025.07.1 ========
2025-10-01 12:35:44.334+0000 INFO  Anonymous Usage Data is being sent to Neo4j, see https://neo4j.com/docs/usage-data/
2025-10-01 12:35:45.163+0000 INFO  Bolt enabled on 0.0.0.0:7687.
2025-10-01 12:35:45.817+0000 INFO  HTTP enabled on 0.0.0.0:7474.
2025-10-01 12:35:45.818+0000 INFO  Remote interface available at http://localhost:7474/
2025-10-01 12:35:45.821+0000 INFO  id: 57C90656677330E5CAE61CD896350A51169FA8B6DFD039D91EB88F43735CBBF7
2025-10-01 12:35:45.822+0000 INFO  name: system
2025-10-01 12:35:45.823+0000 INFO  creationDate: 2025-08-22T17:07:02.519Z
2025-10-01 12:35:45.823+0000 INFO  Started.
2025-10-01 13:58:28.945+0000 INFO  Neo4j Server shutdown initiated by request
2025-10-01 13:58:28.946+0000 INFO  Stopping...
2025-10-01 13:59:13.584+0000 INFO  Logging config in use: Embedded default config 'default-user-logs.xml'
2025-10-01 13:59:13.591+0000 INFO  Starting...
2025-10-01 13:59:14.479+0000 INFO  This instance is ServerId{d98d68ce} (d98d68ce-f85b-479c-8517-16f8ef05aba3)
2025-10-01 13:59:16.113+0000 INFO  ======== Neo4j 2025.07.1 ========
2025-10-01 13:59:18.623+0000 INFO  Anonymous Usage Data is being sent to Neo4j, see https://neo4j.com/docs/usage-data/
2025-10-01 13:59:19.433+0000 INFO  Bolt enabled on 0.0.0.0:7687.
2025-10-01 13:59:20.222+0000 INFO  HTTP enabled on 0.0.0.0:7474.
2025-10-01 13:59:20.223+0000 INFO  Remote interface available at http://localhost:7474/
2025-10-01 13:59:20.226+0000 INFO  id: 57C90656677330E5CAE61CD896350A51169FA8B6DFD039D91EB88F43735CBBF7
2025-10-01 13:59:20.227+0000 INFO  name: system
2025-10-01 13:59:20.227+0000 INFO  creationDate: 2025-08-22T17:07:02.519Z
2025-10-01 13:59:20.228+0000 INFO  Started.
2025-10-01 17:32:51.224+0000 INFO  Neo4j Server shutdown initiated by request
2025-10-01 17:32:51.225+0000 INFO  Stopping...
2025-10-03 15:53:54.759+0000 INFO  Logging config in use: Embedded default config 'default-user-logs.xml'
2025-10-03 15:53:54.768+0000 INFO  Starting...
2025-10-03 15:53:55.877+0000 INFO  This instance is ServerId{d98d68ce} (d98d68ce-f85b-479c-8517-16f8ef05aba3)
2025-10-03 15:53:57.689+0000 INFO  ======== Neo4j 2025.07.1 ========
2025-10-03 15:54:00.645+0000 INFO  Anonymous Usage Data is being sent to Neo4j, see https://neo4j.com/docs/usage-data/
2025-10-03 15:54:01.912+0000 INFO  Bolt enabled on 0.0.0.0:7687.
2025-10-03 15:54:02.799+0000 INFO  HTTP enabled on 0.0.0.0:7474.
2025-10-03 15:54:02.800+0000 INFO  Remote interface available at http://localhost:7474/
2025-10-03 15:54:02.803+0000 INFO  id: 57C90656677330E5CAE61CD896350A51169FA8B6DFD039D91EB88F43735CBBF7
2025-10-03 15:54:02.804+0000 INFO  name: system
2025-10-03 15:54:02.805+0000 INFO  creationDate: 2025-08-22T17:07:02.519Z
2025-10-03 15:54:02.805+0000 INFO  Started.
2025-10-03 16:03:37.094+0000 INFO  Neo4j Server shutdown initiated by request
2025-10-03 16:03:37.095+0000 INFO  Stopping...
2025-10-10 16:27:36.881+0000 INFO  Logging config in use: Embedded default config 'default-user-logs.xml'
2025-10-10 16:27:36.995+0000 INFO  Starting...
2025-10-10 16:27:38.216+0000 INFO  This instance is ServerId{d98d68ce} (d98d68ce-f85b-479c-8517-16f8ef05aba3)
2025-10-10 16:27:40.207+0000 INFO  ======== Neo4j 2025.07.1 ========
2025-10-10 16:27:45.985+0000 INFO  Anonymous Usage Data is being sent to Neo4j, see https://neo4j.com/docs/usage-data/
2025-10-10 16:27:48.118+0000 INFO  Bolt enabled on 0.0.0.0:7687.
2025-10-10 16:27:49.221+0000 INFO  HTTP enabled on 0.0.0.0:7474.
2025-10-10 16:27:49.222+0000 INFO  Remote interface available at http://localhost:7474/
2025-10-10 16:27:49.228+0000 INFO  id: 57C90656677330E5CAE61CD896350A51169FA8B6DFD039D91EB88F43735CBBF7
2025-10-10 16:27:49.231+0000 INFO  name: system
2025-10-10 16:27:49.232+0000 INFO  creationDate: 2025-08-22T17:07:02.519Z
2025-10-10 16:27:49.234+0000 INFO  Started.
2025-10-10 18:37:49.130+0000 INFO  Neo4j Server shutdown initiated by request
2025-10-10 18:37:49.132+0000 INFO  Stopping...
2025-10-15 13:30:00.970+0000 INFO  Logging config in use: Embedded default config 'default-user-logs.xml'
2025-10-15 13:30:00.994+0000 INFO  Starting...
2025-10-15 13:30:04.023+0000 INFO  This instance is ServerId{d98d68ce} (d98d68ce-f85b-479c-8517-16f8ef05aba3)
2025-10-15 13:30:10.283+0000 INFO  ======== Neo4j 2025.07.1 ========
2025-10-15 13:30:14.449+0000 INFO  Anonymous Usage Data is being sent to Neo4j, see https://neo4j.com/docs/usage-data/
2025-10-15 13:30:15.679+0000 INFO  Bolt enabled on 0.0.0.0:7687.
2025-10-15 13:30:16.547+0000 INFO  HTTP enabled on 0.0.0.0:7474.
2025-10-15 13:30:16.548+0000 INFO  Remote interface available at http://localhost:7474/
2025-10-15 13:30:16.551+0000 INFO  id: 57C90656677330E5CAE61CD896350A51169FA8B6DFD039D91EB88F43735CBBF7
2025-10-15 13:30:16.552+0000 INFO  name: system
2025-10-15 13:30:16.552+0000 INFO  creationDate: 2025-08-22T17:07:02.519Z
2025-10-15 13:30:16.553+0000 INFO  Started.
2025-10-15 13:35:46.125+0000 WARN  [bolt-8] The client is unauthorized due to authentication failure.
2025-11-05 22:25:47.755+0000 INFO  Logging config in use: Embedded default config 'default-user-logs.xml'
2025-11-05 22:25:47.765+0000 INFO  Starting...
2025-11-05 22:25:48.874+0000 INFO  This instance is ServerId{d98d68ce} (d98d68ce-f85b-479c-8517-16f8ef05aba3)
2025-11-05 22:25:50.650+0000 INFO  ======== Neo4j 2025.07.1 ========
2025-11-05 22:25:53.911+0000 INFO  Anonymous Usage Data is being sent to Neo4j, see https://neo4j.com/docs/usage-data/
2025-11-05 22:25:55.281+0000 INFO  Bolt enabled on 0.0.0.0:7687.
2025-11-05 22:25:56.271+0000 INFO  HTTP enabled on 0.0.0.0:7474.
2025-11-05 22:25:56.272+0000 INFO  Remote interface available at http://localhost:7474/
2025-11-05 22:25:56.276+0000 INFO  id: 57C90656677330E5CAE61CD896350A51169FA8B6DFD039D91EB88F43735CBBF7
2025-11-05 22:25:56.276+0000 INFO  name: system
2025-11-05 22:25:56.277+0000 INFO  creationDate: 2025-08-22T17:07:02.519Z
2025-11-05 22:25:56.277+0000 INFO  Started.
2025-11-05 22:44:32.139+0000 WARN  [bolt-10] The client is unauthorized due to authentication failure.
2025-11-05 23:00:11.814+0000 INFO  Neo4j Server shutdown initiated by request
2025-11-05 23:00:11.816+0000 INFO  Stopping...
2025-11-20 13:00:37.662+0000 INFO  Logging config in use: Embedded default config 'default-user-logs.xml'
2025-11-20 13:00:37.670+0000 INFO  Starting...
2025-11-20 13:00:38.705+0000 INFO  This instance is ServerId{d98d68ce} (d98d68ce-f85b-479c-8517-16f8ef05aba3)
2025-11-20 13:00:41.018+0000 INFO  ======== Neo4j 2025.07.1 ========
2025-11-20 13:00:45.010+0000 INFO  Anonymous Usage Data is being sent to Neo4j, see https://neo4j.com/docs/usage-data/
2025-11-20 13:00:47.031+0000 INFO  Bolt enabled on 0.0.0.0:7687.
2025-11-20 13:00:48.099+0000 INFO  HTTP enabled on 0.0.0.0:7474.
2025-11-20 13:00:48.100+0000 INFO  Remote interface available at http://localhost:7474/
2025-11-20 13:00:48.104+0000 INFO  id: 57C90656677330E5CAE61CD896350A51169FA8B6DFD039D91EB88F43735CBBF7
2025-11-20 13:00:48.105+0000 INFO  name: system
2025-11-20 13:00:48.106+0000 INFO  creationDate: 2025-08-22T17:07:02.519Z
2025-11-20 13:00:48.106+0000 INFO  Started.
2025-11-20 13:47:49.139+0000 INFO  Neo4j Server shutdown initiated by request
2025-11-20 13:47:49.142+0000 INFO  Stopping...
2025-11-21 15:40:49.930+0000 INFO  Logging config in use: Embedded default config 'default-user-logs.xml'
2025-11-21 15:40:49.942+0000 INFO  Starting...
2025-11-21 15:40:51.081+0000 INFO  This instance is ServerId{d98d68ce} (d98d68ce-f85b-479c-8517-16f8ef05aba3)
2025-11-21 15:40:53.029+0000 INFO  ======== Neo4j 2025.07.1 ========
2025-11-21 15:40:56.081+0000 INFO  Anonymous Usage Data is being sent to Neo4j, see https://neo4j.com/docs/usage-data/
2025-11-21 15:40:57.279+0000 INFO  Bolt enabled on 0.0.0.0:7687.
2025-11-21 15:40:58.151+0000 INFO  HTTP enabled on 0.0.0.0:7474.
2025-11-21 15:40:58.152+0000 INFO  Remote interface available at http://localhost:7474/
2025-11-21 15:40:58.156+0000 INFO  id: 57C90656677330E5CAE61CD896350A51169FA8B6DFD039D91EB88F43735CBBF7
2025-11-21 15:40:58.157+0000 INFO  name: system
2025-11-21 15:40:58.157+0000 INFO  creationDate: 2025-08-22T17:07:02.519Z
2025-11-21 15:40:58.158+0000 INFO  Started.
2025-11-21 16:36:32.688+0000 INFO  Neo4j Server shutdown initiated by request
2025-11-21 16:36:32.689+0000 INFO  Stopping...
2025-11-22 13:36:31.123+0000 INFO  Logging config in use: Embedded default config 'default-user-logs.xml'
2025-11-22 13:36:31.140+0000 INFO  Starting...
2025-11-22 13:36:32.197+0000 INFO  This instance is ServerId{d98d68ce} (d98d68ce-f85b-479c-8517-16f8ef05aba3)
2025-11-22 13:36:33.926+0000 INFO  ======== Neo4j 2025.07.1 ========
2025-11-22 13:36:37.129+0000 INFO  Anonymous Usage Data is being sent to Neo4j, see https://neo4j.com/docs/usage-data/
2025-11-22 13:36:38.387+0000 INFO  Bolt enabled on 0.0.0.0:7687.
2025-11-22 13:36:39.401+0000 INFO  HTTP enabled on 0.0.0.0:7474.
2025-11-22 13:36:39.402+0000 INFO  Remote interface available at http://localhost:7474/
2025-11-22 13:36:39.406+0000 INFO  id: 57C90656677330E5CAE61CD896350A51169FA8B6DFD039D91EB88F43735CBBF7
2025-11-22 13:36:39.408+0000 INFO  name: system
2025-11-22 13:36:39.410+0000 INFO  creationDate: 2025-08-22T17:07:02.519Z
2025-11-22 13:36:39.411+0000 INFO  Started.
2025-11-22 14:55:19.197+0000 INFO  Neo4j Server shutdown initiated by request
2025-11-22 14:55:19.198+0000 INFO  Stopping...
2025-11-23 13:30:52.144+0000 INFO  Logging config in use: Embedded default config 'default-user-logs.xml'
2025-11-23 13:30:52.155+0000 INFO  Starting...
2025-11-23 13:30:53.162+0000 INFO  This instance is ServerId{d98d68ce} (d98d68ce-f85b-479c-8517-16f8ef05aba3)
2025-11-23 13:30:54.743+0000 INFO  ======== Neo4j 2025.07.1 ========
2025-11-23 13:30:57.883+0000 INFO  Anonymous Usage Data is being sent to Neo4j, see https://neo4j.com/docs/usage-data/
2025-11-23 13:30:59.049+0000 INFO  Bolt enabled on 0.0.0.0:7687.
2025-11-23 13:30:59.889+0000 INFO  HTTP enabled on 0.0.0.0:7474.
2025-11-23 13:30:59.890+0000 INFO  Remote interface available at http://localhost:7474/
2025-11-23 13:30:59.893+0000 INFO  id: 57C90656677330E5CAE61CD896350A51169FA8B6DFD039D91EB88F43735CBBF7
2025-11-23 13:30:59.894+0000 INFO  name: system
2025-11-23 13:30:59.895+0000 INFO  creationDate: 2025-08-22T17:07:02.519Z
2025-11-23 13:30:59.896+0000 INFO  Started.
2025-11-23 14:10:44.866+0000 INFO  Neo4j Server shutdown initiated by request
2025-11-23 14:10:44.868+0000 INFO  Stopping...
2025-11-27 14:21:22.023+0000 INFO  Logging config in use: Embedded default config 'default-user-logs.xml'
2025-11-27 14:21:22.046+0000 INFO  Starting...
2025-11-27 14:21:23.146+0000 INFO  This instance is ServerId{d98d68ce} (d98d68ce-f85b-479c-8517-16f8ef05aba3)
2025-11-27 14:21:24.938+0000 INFO  ======== Neo4j 2025.07.1 ========
2025-11-27 14:21:27.793+0000 INFO  Anonymous Usage Data is being sent to Neo4j, see https://neo4j.com/docs/usage-data/
2025-11-27 14:21:28.918+0000 INFO  Bolt enabled on 0.0.0.0:7687.
2025-11-27 14:21:30.503+0000 INFO  HTTP enabled on 0.0.0.0:7474.
2025-11-27 14:21:30.505+0000 INFO  Remote interface available at http://localhost:7474/
2025-11-27 14:21:30.509+0000 INFO  id: 57C90656677330E5CAE61CD896350A51169FA8B6DFD039D91EB88F43735CBBF7
2025-11-27 14:21:30.510+0000 INFO  name: system
2025-11-27 14:21:30.511+0000 INFO  creationDate: 2025-08-22T17:07:02.519Z
2025-11-27 14:21:30.512+0000 INFO  Started.
2025-11-27 15:58:53.196+0000 INFO  Neo4j Server shutdown initiated by request
2025-11-27 15:58:53.225+0000 INFO  Stopping...
